ERROR - 2023-07-25 02:12:53 --> mysqli_sql_exception: You have an error in your SQL syntax; check the manual that corresponds to your MariaDB server version for the right syntax to use near 'order by tour_id desc' at line 1 in C:\xampp\htdocs\ventura\system\Database\MySQLi\Connection.php:295
Stack trace:
#0 C:\xampp\htdocs\ventura\system\Database\MySQLi\Connection.php(295): mysqli->query('select * from t...', 0)
#1 C:\xampp\htdocs\ventura\system\Database\BaseConnection.php(692): CodeIgniter\Database\MySQLi\Connection->execute('select * from t...')
#2 C:\xampp\htdocs\ventura\system\Database\BaseConnection.php(606): CodeIgniter\Database\BaseConnection->simpleQuery('select * from t...')
#3 C:\xampp\htdocs\ventura\app\Models\Tours.php(5): CodeIgniter\Database\BaseConnection->query('select * from t...')
#4 C:\xampp\htdocs\ventura\app\Controllers\cards.php(11): App\Models\Tours->listartour()
#5 C:\xampp\htdocs\ventura\system\CodeIgniter.php(932): App\Controllers\Cards->index()
#6 C:\xampp\htdocs\ventura\system\CodeIgniter.php(497): CodeIgniter\CodeIgniter->runController(Object(App\Controllers\Cards))
#7 C:\xampp\htdocs\ventura\system\CodeIgniter.php(366): CodeIgniter\CodeIgniter->handleRequest(NULL, Object(Config\Cache), false)
#8 C:\xampp\htdocs\ventura\index.php(67): CodeIgniter\CodeIgniter->run()
#9 {main}
CRITICAL - 2023-07-25 02:12:53 --> You have an error in your SQL syntax; check the manual that corresponds to your MariaDB server version for the right syntax to use near 'order by tour_id desc' at line 1
in SYSTEMPATH\Database\MySQLi\Connection.php on line 295.
 1 SYSTEMPATH\Database\MySQLi\Connection.php(295): mysqli->query('select * from tour where order by tour_id desc', 0)
 2 SYSTEMPATH\Database\BaseConnection.php(692): CodeIgniter\Database\MySQLi\Connection->execute('select * from tour where order by tour_id desc')
 3 SYSTEMPATH\Database\BaseConnection.php(606): CodeIgniter\Database\BaseConnection->simpleQuery('select * from tour where order by tour_id desc')
 4 APPPATH\Models\Tours.php(5): CodeIgniter\Database\BaseConnection->query('select * from tour where order by tour_id desc')
 5 APPPATH\Controllers\cards.php(11): App\Models\Tours->listartour()
 6 SYSTEMPATH\CodeIgniter.php(932): App\Controllers\Cards->index()
 7 SYSTEMPATH\CodeIgniter.php(497): CodeIgniter\CodeIgniter->runController(Object(App\Controllers\Cards))
 8 SYSTEMPATH\CodeIgniter.php(366): CodeIgniter\CodeIgniter->handleRequest(null, Object(Config\Cache), false)
 9 FCPATH\index.php(67): CodeIgniter\CodeIgniter->run()
ERROR - 2023-07-25 02:13:32 --> mysqli_sql_exception: You have an error in your SQL syntax; check the manual that corresponds to your MariaDB server version for the right syntax to use near 'order by tour_id desc' at line 1 in C:\xampp\htdocs\ventura\system\Database\MySQLi\Connection.php:295
Stack trace:
#0 C:\xampp\htdocs\ventura\system\Database\MySQLi\Connection.php(295): mysqli->query('select * from t...', 0)
#1 C:\xampp\htdocs\ventura\system\Database\BaseConnection.php(692): CodeIgniter\Database\MySQLi\Connection->execute('select * from t...')
#2 C:\xampp\htdocs\ventura\system\Database\BaseConnection.php(606): CodeIgniter\Database\BaseConnection->simpleQuery('select * from t...')
#3 C:\xampp\htdocs\ventura\app\Models\Tours.php(5): CodeIgniter\Database\BaseConnection->query('select * from t...')
#4 C:\xampp\htdocs\ventura\app\Controllers\cards.php(11): App\Models\Tours->listartour()
#5 C:\xampp\htdocs\ventura\system\CodeIgniter.php(932): App\Controllers\Cards->index()
#6 C:\xampp\htdocs\ventura\system\CodeIgniter.php(497): CodeIgniter\CodeIgniter->runController(Object(App\Controllers\Cards))
#7 C:\xampp\htdocs\ventura\system\CodeIgniter.php(366): CodeIgniter\CodeIgniter->handleRequest(NULL, Object(Config\Cache), false)
#8 C:\xampp\htdocs\ventura\index.php(67): CodeIgniter\CodeIgniter->run()
#9 {main}
CRITICAL - 2023-07-25 02:13:32 --> You have an error in your SQL syntax; check the manual that corresponds to your MariaDB server version for the right syntax to use near 'order by tour_id desc' at line 1
in SYSTEMPATH\Database\MySQLi\Connection.php on line 295.
 1 SYSTEMPATH\Database\MySQLi\Connection.php(295): mysqli->query('select * from tour where order by tour_id desc', 0)
 2 SYSTEMPATH\Database\BaseConnection.php(692): CodeIgniter\Database\MySQLi\Connection->execute('select * from tour where order by tour_id desc')
 3 SYSTEMPATH\Database\BaseConnection.php(606): CodeIgniter\Database\BaseConnection->simpleQuery('select * from tour where order by tour_id desc')
 4 APPPATH\Models\Tours.php(5): CodeIgniter\Database\BaseConnection->query('select * from tour where order by tour_id desc')
 5 APPPATH\Controllers\cards.php(11): App\Models\Tours->listartour()
 6 SYSTEMPATH\CodeIgniter.php(932): App\Controllers\Cards->index()
 7 SYSTEMPATH\CodeIgniter.php(497): CodeIgniter\CodeIgniter->runController(Object(App\Controllers\Cards))
 8 SYSTEMPATH\CodeIgniter.php(366): CodeIgniter\CodeIgniter->handleRequest(null, Object(Config\Cache), false)
 9 FCPATH\index.php(67): CodeIgniter\CodeIgniter->run()
ERROR - 2023-07-25 02:16:10 --> mysqli_sql_exception: You have an error in your SQL syntax; check the manual that corresponds to your MariaDB server version for the right syntax to use near 'order by tour_id desc' at line 1 in C:\xampp\htdocs\ventura\system\Database\MySQLi\Connection.php:295
Stack trace:
#0 C:\xampp\htdocs\ventura\system\Database\MySQLi\Connection.php(295): mysqli->query('select * from t...', 0)
#1 C:\xampp\htdocs\ventura\system\Database\BaseConnection.php(692): CodeIgniter\Database\MySQLi\Connection->execute('select * from t...')
#2 C:\xampp\htdocs\ventura\system\Database\BaseConnection.php(606): CodeIgniter\Database\BaseConnection->simpleQuery('select * from t...')
#3 C:\xampp\htdocs\ventura\app\Models\Tours.php(5): CodeIgniter\Database\BaseConnection->query('select * from t...')
#4 C:\xampp\htdocs\ventura\app\Controllers\cards.php(11): App\Models\Tours->listartour()
#5 C:\xampp\htdocs\ventura\system\CodeIgniter.php(932): App\Controllers\Cards->index()
#6 C:\xampp\htdocs\ventura\system\CodeIgniter.php(497): CodeIgniter\CodeIgniter->runController(Object(App\Controllers\Cards))
#7 C:\xampp\htdocs\ventura\system\CodeIgniter.php(366): CodeIgniter\CodeIgniter->handleRequest(NULL, Object(Config\Cache), false)
#8 C:\xampp\htdocs\ventura\index.php(67): CodeIgniter\CodeIgniter->run()
#9 {main}
CRITICAL - 2023-07-25 02:16:10 --> You have an error in your SQL syntax; check the manual that corresponds to your MariaDB server version for the right syntax to use near 'order by tour_id desc' at line 1
in SYSTEMPATH\Database\MySQLi\Connection.php on line 295.
 1 SYSTEMPATH\Database\MySQLi\Connection.php(295): mysqli->query('select * from tour where order by tour_id desc', 0)
 2 SYSTEMPATH\Database\BaseConnection.php(692): CodeIgniter\Database\MySQLi\Connection->execute('select * from tour where order by tour_id desc')
 3 SYSTEMPATH\Database\BaseConnection.php(606): CodeIgniter\Database\BaseConnection->simpleQuery('select * from tour where order by tour_id desc')
 4 APPPATH\Models\Tours.php(5): CodeIgniter\Database\BaseConnection->query('select * from tour where order by tour_id desc')
 5 APPPATH\Controllers\cards.php(11): App\Models\Tours->listartour()
 6 SYSTEMPATH\CodeIgniter.php(932): App\Controllers\Cards->index()
 7 SYSTEMPATH\CodeIgniter.php(497): CodeIgniter\CodeIgniter->runController(Object(App\Controllers\Cards))
 8 SYSTEMPATH\CodeIgniter.php(366): CodeIgniter\CodeIgniter->handleRequest(null, Object(Config\Cache), false)
 9 FCPATH\index.php(67): CodeIgniter\CodeIgniter->run()
ERROR - 2023-07-25 02:16:40 --> mysqli_sql_exception: You have an error in your SQL syntax; check the manual that corresponds to your MariaDB server version for the right syntax to use near 'order by tours_id desc' at line 1 in C:\xampp\htdocs\ventura\system\Database\MySQLi\Connection.php:295
Stack trace:
#0 C:\xampp\htdocs\ventura\system\Database\MySQLi\Connection.php(295): mysqli->query('select * from t...', 0)
#1 C:\xampp\htdocs\ventura\system\Database\BaseConnection.php(692): CodeIgniter\Database\MySQLi\Connection->execute('select * from t...')
#2 C:\xampp\htdocs\ventura\system\Database\BaseConnection.php(606): CodeIgniter\Database\BaseConnection->simpleQuery('select * from t...')
#3 C:\xampp\htdocs\ventura\app\Models\Tours.php(5): CodeIgniter\Database\BaseConnection->query('select * from t...')
#4 C:\xampp\htdocs\ventura\app\Controllers\cards.php(11): App\Models\Tours->listartour()
#5 C:\xampp\htdocs\ventura\system\CodeIgniter.php(932): App\Controllers\Cards->index()
#6 C:\xampp\htdocs\ventura\system\CodeIgniter.php(497): CodeIgniter\CodeIgniter->runController(Object(App\Controllers\Cards))
#7 C:\xampp\htdocs\ventura\system\CodeIgniter.php(366): CodeIgniter\CodeIgniter->handleRequest(NULL, Object(Config\Cache), false)
#8 C:\xampp\htdocs\ventura\index.php(67): CodeIgniter\CodeIgniter->run()
#9 {main}
CRITICAL - 2023-07-25 02:16:40 --> You have an error in your SQL syntax; check the manual that corresponds to your MariaDB server version for the right syntax to use near 'order by tours_id desc' at line 1
in SYSTEMPATH\Database\MySQLi\Connection.php on line 295.
 1 SYSTEMPATH\Database\MySQLi\Connection.php(295): mysqli->query('select * from tour where order by tours_id desc', 0)
 2 SYSTEMPATH\Database\BaseConnection.php(692): CodeIgniter\Database\MySQLi\Connection->execute('select * from tour where order by tours_id desc')
 3 SYSTEMPATH\Database\BaseConnection.php(606): CodeIgniter\Database\BaseConnection->simpleQuery('select * from tour where order by tours_id desc')
 4 APPPATH\Models\Tours.php(5): CodeIgniter\Database\BaseConnection->query('select * from tour where order by tours_id desc')
 5 APPPATH\Controllers\cards.php(11): App\Models\Tours->listartour()
 6 SYSTEMPATH\CodeIgniter.php(932): App\Controllers\Cards->index()
 7 SYSTEMPATH\CodeIgniter.php(497): CodeIgniter\CodeIgniter->runController(Object(App\Controllers\Cards))
 8 SYSTEMPATH\CodeIgniter.php(366): CodeIgniter\CodeIgniter->handleRequest(null, Object(Config\Cache), false)
 9 FCPATH\index.php(67): CodeIgniter\CodeIgniter->run()
ERROR - 2023-07-25 02:16:42 --> mysqli_sql_exception: You have an error in your SQL syntax; check the manual that corresponds to your MariaDB server version for the right syntax to use near 'order by tours_id desc' at line 1 in C:\xampp\htdocs\ventura\system\Database\MySQLi\Connection.php:295
Stack trace:
#0 C:\xampp\htdocs\ventura\system\Database\MySQLi\Connection.php(295): mysqli->query('select * from t...', 0)
#1 C:\xampp\htdocs\ventura\system\Database\BaseConnection.php(692): CodeIgniter\Database\MySQLi\Connection->execute('select * from t...')
#2 C:\xampp\htdocs\ventura\system\Database\BaseConnection.php(606): CodeIgniter\Database\BaseConnection->simpleQuery('select * from t...')
#3 C:\xampp\htdocs\ventura\app\Models\Tours.php(5): CodeIgniter\Database\BaseConnection->query('select * from t...')
#4 C:\xampp\htdocs\ventura\app\Controllers\cards.php(11): App\Models\Tours->listartour()
#5 C:\xampp\htdocs\ventura\system\CodeIgniter.php(932): App\Controllers\Cards->index()
#6 C:\xampp\htdocs\ventura\system\CodeIgniter.php(497): CodeIgniter\CodeIgniter->runController(Object(App\Controllers\Cards))
#7 C:\xampp\htdocs\ventura\system\CodeIgniter.php(366): CodeIgniter\CodeIgniter->handleRequest(NULL, Object(Config\Cache), false)
#8 C:\xampp\htdocs\ventura\index.php(67): CodeIgniter\CodeIgniter->run()
#9 {main}
CRITICAL - 2023-07-25 02:16:42 --> You have an error in your SQL syntax; check the manual that corresponds to your MariaDB server version for the right syntax to use near 'order by tours_id desc' at line 1
in SYSTEMPATH\Database\MySQLi\Connection.php on line 295.
 1 SYSTEMPATH\Database\MySQLi\Connection.php(295): mysqli->query('select * from tour where order by tours_id desc', 0)
 2 SYSTEMPATH\Database\BaseConnection.php(692): CodeIgniter\Database\MySQLi\Connection->execute('select * from tour where order by tours_id desc')
 3 SYSTEMPATH\Database\BaseConnection.php(606): CodeIgniter\Database\BaseConnection->simpleQuery('select * from tour where order by tours_id desc')
 4 APPPATH\Models\Tours.php(5): CodeIgniter\Database\BaseConnection->query('select * from tour where order by tours_id desc')
 5 APPPATH\Controllers\cards.php(11): App\Models\Tours->listartour()
 6 SYSTEMPATH\CodeIgniter.php(932): App\Controllers\Cards->index()
 7 SYSTEMPATH\CodeIgniter.php(497): CodeIgniter\CodeIgniter->runController(Object(App\Controllers\Cards))
 8 SYSTEMPATH\CodeIgniter.php(366): CodeIgniter\CodeIgniter->handleRequest(null, Object(Config\Cache), false)
 9 FCPATH\index.php(67): CodeIgniter\CodeIgniter->run()
ERROR - 2023-07-25 02:17:14 --> mysqli_sql_exception: Table 'ventura.tour' doesn't exist in C:\xampp\htdocs\ventura\system\Database\MySQLi\Connection.php:295
Stack trace:
#0 C:\xampp\htdocs\ventura\system\Database\MySQLi\Connection.php(295): mysqli->query('select * from t...', 0)
#1 C:\xampp\htdocs\ventura\system\Database\BaseConnection.php(692): CodeIgniter\Database\MySQLi\Connection->execute('select * from t...')
#2 C:\xampp\htdocs\ventura\system\Database\BaseConnection.php(606): CodeIgniter\Database\BaseConnection->simpleQuery('select * from t...')
#3 C:\xampp\htdocs\ventura\app\Models\Tours.php(5): CodeIgniter\Database\BaseConnection->query('select * from t...')
#4 C:\xampp\htdocs\ventura\app\Controllers\cards.php(11): App\Models\Tours->listartour()
#5 C:\xampp\htdocs\ventura\system\CodeIgniter.php(932): App\Controllers\Cards->index()
#6 C:\xampp\htdocs\ventura\system\CodeIgniter.php(497): CodeIgniter\CodeIgniter->runController(Object(App\Controllers\Cards))
#7 C:\xampp\htdocs\ventura\system\CodeIgniter.php(366): CodeIgniter\CodeIgniter->handleRequest(NULL, Object(Config\Cache), false)
#8 C:\xampp\htdocs\ventura\index.php(67): CodeIgniter\CodeIgniter->run()
#9 {main}
CRITICAL - 2023-07-25 02:17:14 --> Table 'ventura.tour' doesn't exist
in SYSTEMPATH\Database\MySQLi\Connection.php on line 295.
 1 SYSTEMPATH\Database\MySQLi\Connection.php(295): mysqli->query('select * from tour  order by tours_id desc', 0)
 2 SYSTEMPATH\Database\BaseConnection.php(692): CodeIgniter\Database\MySQLi\Connection->execute('select * from tour  order by tours_id desc')
 3 SYSTEMPATH\Database\BaseConnection.php(606): CodeIgniter\Database\BaseConnection->simpleQuery('select * from tour  order by tours_id desc')
 4 APPPATH\Models\Tours.php(5): CodeIgniter\Database\BaseConnection->query('select * from tour  order by tours_id desc')
 5 APPPATH\Controllers\cards.php(11): App\Models\Tours->listartour()
 6 SYSTEMPATH\CodeIgniter.php(932): App\Controllers\Cards->index()
 7 SYSTEMPATH\CodeIgniter.php(497): CodeIgniter\CodeIgniter->runController(Object(App\Controllers\Cards))
 8 SYSTEMPATH\CodeIgniter.php(366): CodeIgniter\CodeIgniter->handleRequest(null, Object(Config\Cache), false)
 9 FCPATH\index.php(67): CodeIgniter\CodeIgniter->run()
CRITICAL - 2023-07-25 02:29:16 --> Undefined property: stdClass::$persona
in APPPATH\Views\cards\index.php on line 23.
 1 APPPATH\Views\cards\index.php(23): CodeIgniter\Debug\Exceptions->errorHandler(2, 'Undefined property: stdClass::$persona', 'C:\\xampp\\htdocs\\ventura\\app\\Views\\cards\\index.php', 23)
 2 SYSTEMPATH\View\View.php(224): include('C:\\xampp\\htdocs\\ventura\\app\\Views\\cards\\index.php')
 3 SYSTEMPATH\View\View.php(227): CodeIgniter\View\View->CodeIgniter\View\{closure}()
 4 SYSTEMPATH\Common.php(1180): CodeIgniter\View\View->render('cards/index', [], true)
 5 APPPATH\Controllers\cards.php(17): view('cards/index', [...])
 6 SYSTEMPATH\CodeIgniter.php(932): App\Controllers\Cards->index()
 7 SYSTEMPATH\CodeIgniter.php(497): CodeIgniter\CodeIgniter->runController(Object(App\Controllers\Cards))
 8 SYSTEMPATH\CodeIgniter.php(366): CodeIgniter\CodeIgniter->handleRequest(null, Object(Config\Cache), false)
 9 FCPATH\index.php(67): CodeIgniter\CodeIgniter->run()
ERROR - 2023-07-25 06:28:19 --> Error connecting to the database: mysqli_sql_exception: No se puede establecer una conexión ya que el equipo de destino denegó expresamente dicha conexión in C:\xampp\htdocs\ventura\system\Database\MySQLi\Connection.php:174
Stack trace:
#0 C:\xampp\htdocs\ventura\system\Database\MySQLi\Connection.php(174): mysqli->real_connect('localhost', 'root', '', 'ventura', 3306, '', 0)
#1 C:\xampp\htdocs\ventura\system\Database\BaseConnection.php(391): CodeIgniter\Database\MySQLi\Connection->connect(false)
#2 C:\xampp\htdocs\ventura\system\Database\BaseConnection.php(574): CodeIgniter\Database\BaseConnection->initialize()
#3 C:\xampp\htdocs\ventura\system\Database\BaseConnection.php(1409): CodeIgniter\Database\BaseConnection->query('SHOW TABLES FRO...')
#4 C:\xampp\htdocs\ventura\system\Database\BaseConnection.php(1428): CodeIgniter\Database\BaseConnection->listTables()
#5 C:\xampp\htdocs\ventura\system\Database\MigrationRunner.php(768): CodeIgniter\Database\BaseConnection->tableExists('migrations')
#6 C:\xampp\htdocs\ventura\system\Database\MigrationRunner.php(168): CodeIgniter\Database\MigrationRunner->ensureTable()
#7 C:\xampp\htdocs\ventura\system\Commands\Database\Migrate.php(84): CodeIgniter\Database\MigrationRunner->latest(NULL)
#8 C:\xampp\htdocs\ventura\system\CLI\Commands.php(65): CodeIgniter\Commands\Database\Migrate->run(Array)
#9 C:\xampp\htdocs\ventura\system\CLI\Console.php(37): CodeIgniter\CLI\Commands->run('migrate', Array)
#10 C:\xampp\htdocs\ventura\spark(97): CodeIgniter\CLI\Console->run()
#11 {main}

Next CodeIgniter\Database\Exceptions\DatabaseException: No se puede establecer una conexión ya que el equipo de destino denegó expresamente dicha conexión in C:\xampp\htdocs\ventura\system\Database\MySQLi\Connection.php:218
Stack trace:
#0 C:\xampp\htdocs\ventura\system\Database\BaseConnection.php(391): CodeIgniter\Database\MySQLi\Connection->connect(false)
#1 C:\xampp\htdocs\ventura\system\Database\BaseConnection.php(574): CodeIgniter\Database\BaseConnection->initialize()
#2 C:\xampp\htdocs\ventura\system\Database\BaseConnection.php(1409): CodeIgniter\Database\BaseConnection->query('SHOW TABLES FRO...')
#3 C:\xampp\htdocs\ventura\system\Database\BaseConnection.php(1428): CodeIgniter\Database\BaseConnection->listTables()
#4 C:\xampp\htdocs\ventura\system\Database\MigrationRunner.php(768): CodeIgniter\Database\BaseConnection->tableExists('migrations')
#5 C:\xampp\htdocs\ventura\system\Database\MigrationRunner.php(168): CodeIgniter\Database\MigrationRunner->ensureTable()
#6 C:\xampp\htdocs\ventura\system\Commands\Database\Migrate.php(84): CodeIgniter\Database\MigrationRunner->latest(NULL)
#7 C:\xampp\htdocs\ventura\system\CLI\Commands.php(65): CodeIgniter\Commands\Database\Migrate->run(Array)
#8 C:\xampp\htdocs\ventura\system\CLI\Console.php(37): CodeIgniter\CLI\Commands->run('migrate', Array)
#9 C:\xampp\htdocs\ventura\spark(97): CodeIgniter\CLI\Console->run()
#10 {main}
ERROR - 2023-07-25 22:40:31 --> mysqli_sql_exception: Incorrect table definition; there can be only one auto column and it must be defined as a key in C:\xampp\htdocs\ventura\system\Database\MySQLi\Connection.php:295
Stack trace:
#0 C:\xampp\htdocs\ventura\system\Database\MySQLi\Connection.php(295): mysqli->query('CREATE TABLE `d...', 0)
#1 C:\xampp\htdocs\ventura\system\Database\BaseConnection.php(692): CodeIgniter\Database\MySQLi\Connection->execute('CREATE TABLE `d...')
#2 C:\xampp\htdocs\ventura\system\Database\BaseConnection.php(606): CodeIgniter\Database\BaseConnection->simpleQuery('CREATE TABLE `d...')
#3 C:\xampp\htdocs\ventura\system\Database\Forge.php(546): CodeIgniter\Database\BaseConnection->query('CREATE TABLE `d...')
#4 C:\xampp\htdocs\ventura\app\Database\Migrations\2023-07-25-224006_Detail.php(51): CodeIgniter\Database\Forge->createTable('detail')
#5 C:\xampp\htdocs\ventura\system\Database\MigrationRunner.php(877): App\Database\Migrations\Detail->up()
#6 C:\xampp\htdocs\ventura\system\Database\MigrationRunner.php(188): CodeIgniter\Database\MigrationRunner->migrate('up', Object(stdClass))
#7 C:\xampp\htdocs\ventura\system\Commands\Database\Migrate.php(84): CodeIgniter\Database\MigrationRunner->latest(NULL)
#8 C:\xampp\htdocs\ventura\system\CLI\Commands.php(65): CodeIgniter\Commands\Database\Migrate->run(Array)
#9 C:\xampp\htdocs\ventura\system\CLI\Console.php(37): CodeIgniter\CLI\Commands->run('migrate', Array)
#10 C:\xampp\htdocs\ventura\spark(97): CodeIgniter\CLI\Console->run()
#11 {main}
